<?xml version="1.0" encoding="UTF-8"?>
<!-- Generated by org.testng.reporters.JUnitReportReporter -->
<testsuite hostname="DESKTOP-VC6SNUC" failures="0" tests="1" name="turbonomicInterviewQuestions.QuestionFour" time="2.411" errors="0" timestamp="2021-05-10T12:55:11 CDT" skipped="0">
  <testcase classname="turbonomicInterviewQuestions.QuestionFour" name="sanusartTest" time="2.411"/>
  <system-out/>
</testsuite> <!-- turbonomicInterviewQuestions.QuestionFour -->
