<?xml version="1.0" encoding="UTF-8"?>
<!-- Generated by org.testng.reporters.JUnitReportReporter -->
<testsuite hostname="DESKTOP-VC6SNUC" failures="0" tests="1" name="turbonomicInterviewQuestions.QuestionThree" time="3.285" errors="0" timestamp="2021-05-10T13:46:16 CDT" skipped="0">
  <testcase classname="turbonomicInterviewQuestions.QuestionThree" name="sanusartTest" time="3.285"/>
  <system-out/>
</testsuite> <!-- turbonomicInterviewQuestions.QuestionThree -->
